<?xml version="1.0" encoding="UTF-8"?>
<testsuite name="hu.codehunters.cicddemo.CiCdDemoApplicationTests" tests="1" skipped="0" failures="0" errors="0" timestamp="2022-09-25T16:27:58" hostname="Czirjaks-MacBook-Pro.local" time="0.139">
  <properties/>
  <testcase name="contextLoads()" classname="hu.codehunters.cicddemo.CiCdDemoApplicationTests" time="0.139"/>
  <system-out><![CDATA[18:27:57.773 [Test worker] DEBUG org.springframework.test.context.BootstrapUtils - Instantiating CacheAwareContextLoaderDelegate from class [org.springframework.test.context.cache.DefaultCacheAwareContextLoaderDelegate]
18:27:57.777 [Test worker] DEBUG org.springframework.test.context.BootstrapUtils - Instantiating BootstrapContext using constructor [public org.springframework.test.context.support.DefaultBootstrapContext(java.lang.Class,org.springframework.test.context.CacheAwareContextLoaderDelegate)]
18:27:57.789 [Test worker] DEBUG org.springframework.test.context.BootstrapUtils - Instantiating TestContextBootstrapper for test class [hu.codehunters.cicddemo.CiCdDemoApplicationTests] from class [org.springframework.boot.test.context.SpringBootTestContextBootstrapper]
18:27:57.793 [Test worker] INFO org.springframework.boot.test.context.SpringBootTestContextBootstrapper - Neither @ContextConfiguration nor @ContextHierarchy found for test class [hu.codehunters.cicddemo.CiCdDemoApplicationTests], using SpringBootContextLoader
18:27:57.794 [Test worker] DEBUG org.springframework.test.context.support.AbstractContextLoader - Did not detect default resource location for test class [hu.codehunters.cicddemo.CiCdDemoApplicationTests]: class path resource [hu/codehunters/cicddemo/CiCdDemoApplicationTests-context.xml] does not exist
18:27:57.795 [Test worker] DEBUG org.springframework.test.context.support.AbstractContextLoader - Did not detect default resource location for test class [hu.codehunters.cicddemo.CiCdDemoApplicationTests]: class path resource [hu/codehunters/cicddemo/CiCdDemoApplicationTestsContext.groovy] does not exist
18:27:57.795 [Test worker] INFO org.springframework.test.context.support.AbstractContextLoader - Could not detect default resource locations for test class [hu.codehunters.cicddemo.CiCdDemoApplicationTests]: no resource found for suffixes {-context.xml, Context.groovy}.
18:27:57.795 [Test worker] INFO org.springframework.test.context.support.AnnotationConfigContextLoaderUtils - Could not detect default configuration classes for test class [hu.codehunters.cicddemo.CiCdDemoApplicationTests]: CiCdDemoApplicationTests does not declare any static, non-private, non-final, nested classes annotated with @Configuration.
18:27:57.808 [Test worker] DEBUG org.springframework.test.context.support.ActiveProfilesUtils - Could not find an 'annotation declaring class' for annotation type [org.springframework.test.context.ActiveProfiles] and class [hu.codehunters.cicddemo.CiCdDemoApplicationTests]
18:27:57.828 [Test worker] DEBUG org.springframework.context.annotation.ClassPathScanningCandidateComponentProvider - Identified candidate component class: file [/Users/czirjak/Desktop/projects/ci-cd-azure-pipelines/build/classes/java/main/hu/codehunters/cicddemo/CiCdDemoApplication.class]
18:27:57.829 [Test worker] INFO org.springframework.boot.test.context.SpringBootTestContextBootstrapper - Found @SpringBootConfiguration hu.codehunters.cicddemo.CiCdDemoApplication for test class hu.codehunters.cicddemo.CiCdDemoApplicationTests
18:27:57.859 [Test worker] DEBUG org.springframework.boot.test.context.SpringBootTestContextBootstrapper - @TestExecutionListeners is not present for class [hu.codehunters.cicddemo.CiCdDemoApplicationTests]: using defaults.
18:27:57.859 [Test worker] INFO org.springframework.boot.test.context.SpringBootTestContextBootstrapper - Loaded default TestExecutionListener class names from location [META-INF/spring.factories]: [org.springframework.boot.test.autoconfigure.restdocs.RestDocsTestExecutionListener, org.springframework.boot.test.autoconfigure.web.client.MockRestServiceServerResetTestExecutionListener, org.springframework.boot.test.autoconfigure.web.servlet.MockMvcPrintOnlyOnFailureTestExecutionListener, org.springframework.boot.test.autoconfigure.web.servlet.WebDriverTestExecutionListener, org.springframework.boot.test.autoconfigure.webservices.client.MockWebServiceServerTestExecutionListener, org.springframework.boot.test.mock.mockito.MockitoTestExecutionListener, org.springframework.boot.test.mock.mockito.ResetMocksTestExecutionListener, org.springframework.test.context.web.ServletTestExecutionListener, org.springframework.test.context.support.DirtiesContextBeforeModesTestExecutionListener, org.springframework.test.context.event.ApplicationEventsTestExecutionListener, org.springframework.test.context.support.DependencyInjectionTestExecutionListener, org.springframework.test.context.support.DirtiesContextTestExecutionListener, org.springframework.test.context.transaction.TransactionalTestExecutionListener, org.springframework.test.context.jdbc.SqlScriptsTestExecutionListener, org.springframework.test.context.event.EventPublishingTestExecutionListener]
18:27:57.863 [Test worker] DEBUG org.springframework.boot.test.context.SpringBootTestContextBootstrapper - Skipping candidate TestExecutionListener [org.springframework.test.context.transaction.TransactionalTestExecutionListener] due to a missing dependency. Specify custom listener classes or make the default listener classes and their required dependencies available. Offending class: [org/springframework/transaction/interceptor/TransactionAttributeSource]
18:27:57.863 [Test worker] DEBUG org.springframework.boot.test.context.SpringBootTestContextBootstrapper - Skipping candidate TestExecutionListener [org.springframework.test.context.jdbc.SqlScriptsTestExecutionListener] due to a missing dependency. Specify custom listener classes or make the default listener classes and their required dependencies available. Offending class: [org/springframework/transaction/interceptor/TransactionAttribute]
18:27:57.863 [Test worker] INFO org.springframework.boot.test.context.SpringBootTestContextBootstrapper - Using TestExecutionListeners: [org.springframework.test.context.web.ServletTestExecutionListener@565b064f, org.springframework.test.context.support.DirtiesContextBeforeModesTestExecutionListener@26425897, org.springframework.test.context.event.ApplicationEventsTestExecutionListener@73163d48, org.springframework.boot.test.mock.mockito.MockitoTestExecutionListener@58c34bb3, org.springframework.boot.test.autoconfigure.SpringBootDependencyInjectionTestExecutionListener@56a4479a, org.springframework.test.context.support.DirtiesContextTestExecutionListener@62163b39, org.springframework.test.context.event.EventPublishingTestExecutionListener@20a8a64e, org.springframework.boot.test.autoconfigure.restdocs.RestDocsTestExecutionListener@62f4ff3b, org.springframework.boot.test.autoconfigure.web.client.MockRestServiceServerResetTestExecutionListener@1698fc68, org.springframework.boot.test.autoconfigure.web.servlet.MockMvcPrintOnlyOnFailureTestExecutionListener@4504d271, org.springframework.boot.test.autoconfigure.web.servlet.WebDriverTestExecutionListener@207b8649, org.springframework.boot.test.autoconfigure.webservices.client.MockWebServiceServerTestExecutionListener@65b3a85a, org.springframework.boot.test.mock.mockito.ResetMocksTestExecutionListener@34997338]
18:27:57.864 [Test worker] DEBUG org.springframework.test.context.support.AbstractDirtiesContextTestExecutionListener - Before test class: context [DefaultTestContext@30bcf3c1 testClass = CiCdDemoApplicationTests, testInstance = [null], testMethod = [null], testException = [null], mergedContextConfiguration = [WebMergedContextConfiguration@2a3c96e3 testClass = CiCdDemoApplicationTests, locations = '{}', classes = '{class hu.codehunters.cicddemo.CiCdDemoApplication}', contextInitializerClasses = '[]', activeProfiles = '{}', propertySourceLocations = '{}', propertySourceProperties = '{org.springframework.boot.test.context.SpringBootTestContextBootstrapper=true}', contextCustomizers = set[org.springframework.boot.test.autoconfigure.actuate.metrics.MetricsExportContextCustomizerFactory$DisableMetricExportContextCustomizer@60b4beb4, org.springframework.boot.test.autoconfigure.properties.PropertyMappingContextCustomizer@0, org.springframework.boot.test.autoconfigure.web.servlet.WebDriverContextCustomizerFactory$Customizer@6f19ac19, org.springframework.boot.test.context.filter.ExcludeFilterContextCustomizer@20c0a64d, org.springframework.boot.test.json.DuplicateJsonObjectContextCustomizerFactory$DuplicateJsonObjectContextCustomizer@41ab013, org.springframework.boot.test.mock.mockito.MockitoContextCustomizer@0, org.springframework.boot.test.web.client.TestRestTemplateContextCustomizer@38604b81, org.springframework.boot.test.context.SpringBootTestArgs@1, org.springframework.boot.test.context.SpringBootTestWebEnvironment@544fa968], resourceBasePath = 'src/main/webapp', contextLoader = 'org.springframework.boot.test.context.SpringBootContextLoader', parent = [null]], attributes = map['org.springframework.test.context.web.ServletTestExecutionListener.activateListener' -> true]], class annotated with @DirtiesContext [false] with mode [null].

  .   ____          _            __ _ _
 /\\ / ___'_ __ _ _(_)_ __  __ _ \ \ \ \
( ( )\___ | '_ | '_| | '_ \/ _` | \ \ \ \
 \\/  ___)| |_)| | | | | || (_| |  ) ) ) )
  '  |____| .__|_| |_|_| |_\__, | / / / /
 =========|_|==============|___/=/_/_/_/
 :: Spring Boot ::                (v2.7.4)

2022-09-25 18:27:57.975  INFO 88145 --- [    Test worker] h.c.cicddemo.CiCdDemoApplicationTests    : Starting CiCdDemoApplicationTests using Java 17.0.2 on Czirjaks-MacBook-Pro.local with PID 88145 (started by czirjak in /Users/czirjak/Desktop/projects/ci-cd-azure-pipelines)
2022-09-25 18:27:57.976  INFO 88145 --- [    Test worker] h.c.cicddemo.CiCdDemoApplicationTests    : No active profile set, falling back to 1 default profile: "default"
2022-09-25 18:27:58.470  INFO 88145 --- [    Test worker] h.c.cicddemo.CiCdDemoApplicationTests    : Started CiCdDemoApplicationTests in 0.592 seconds (JVM running for 0.973)
]]></system-out>
  <system-err><![CDATA[]]></system-err>
</testsuite>
